2015-12-25 04:27:06,279 [main] INFO  com.senatov.smapperApp.Activator  - Resolved URL P:\runtime-smapper.plugin1.smapper
2015-12-25 04:27:06,279 [main] INFO  com.senatov.smapperApp.Activator  - Log4j initialized with bundleentry://56.fwk581318631/META-INF/log4j.properties
2015-12-25 04:27:06,279 [main] INFO  com.senatov.smapperApp.Activator  - hookPluginLoggers()
2015-12-25 04:27:06,279 [main] INFO  com.senatov.smapperApp.Activator  - Added logging hook for bundle: org.eclipse.osgi
2015-12-25 04:27:06,279 [main] INFO  com.senatov.smapperApp.Activator  - Added logging hook for bundle: org.eclipse.jetty.util
2015-12-25 04:27:06,279 [main] INFO  com.senatov.smapperApp.Activator  - Added logging hook for bundle: org.eclipse.team.core
2015-12-25 04:27:06,279 [main] INFO  com.senatov.smapperApp.Activator  - Added logging hook for bundle: org.apache.xml.resolver
2015-12-25 04:27:06,279 [main] INFO  com.senatov.smapperApp.Activator  - Added logging hook for bundle: org.eclipse.ui.workbench.texteditor
2015-12-25 04:27:06,279 [main] INFO  com.senatov.smapperApp.Activator  - Added logging hook for bundle: org.eclipse.xsd
2015-12-25 04:27:06,279 [main] INFO  com.senatov.smapperApp.Activator  - Added logging hook for bundle: org.eclipse.jetty.security
2015-12-25 04:27:06,279 [main] INFO  com.senatov.smapperApp.Activator  - Added logging hook for bundle: org.eclipse.osgi.util
2015-12-25 04:27:06,279 [main] INFO  com.senatov.smapperApp.Activator  - Added logging hook for bundle: org.eclipse.wst.common.project.facet.core
2015-12-25 04:27:06,279 [main] INFO  com.senatov.smapperApp.Activator  - Added logging hook for bundle: org.eclipse.core.filesystem.java7
2015-12-25 04:27:06,279 [main] INFO  com.senatov.smapperApp.Activator  - Added logging hook for bundle: org.eclipse.m2e.workspace.cli
2015-12-25 04:27:06,279 [main] INFO  com.senatov.smapperApp.Activator  - Added logging hook for bundle: org.hamcrest.core
2015-12-25 04:27:06,279 [main] INFO  com.senatov.smapperApp.Activator  - Added logging hook for bundle: org.eclipse.core.databinding.observable
2015-12-25 04:27:06,279 [main] INFO  com.senatov.smapperApp.Activator  - Added logging hook for bundle: org.w3c.css.sac
2015-12-25 04:27:06,279 [main] INFO  com.senatov.smapperApp.Activator  - Added logging hook for bundle: org.eclipse.equinox.util
2015-12-25 04:27:06,279 [main] INFO  com.senatov.smapperApp.Activator  - Added logging hook for bundle: javax.xml
2015-12-25 04:27:06,279 [main] INFO  com.senatov.smapperApp.Activator  - Added logging hook for bundle: org.apache.batik.css
2015-12-25 04:27:06,279 [main] INFO  com.senatov.smapperApp.Activator  - Added logging hook for bundle: org.apache.batik.util
2015-12-25 04:27:06,279 [main] INFO  com.senatov.smapperApp.Activator  - Added logging hook for bundle: org.eclipse.core.contenttype
2015-12-25 04:27:06,279 [main] INFO  com.senatov.smapperApp.Activator  - Added logging hook for bundle: org.eclipse.text
2015-12-25 04:27:06,279 [main] INFO  com.senatov.smapperApp.Activator  - Added logging hook for bundle: org.eclipse.e4.ui.widgets
2015-12-25 04:27:06,279 [main] INFO  com.senatov.smapperApp.Activator  - Added logging hook for bundle: com.google.guava
2015-12-25 04:27:06,279 [main] INFO  com.senatov.smapperApp.Activator  - Added logging hook for bundle: org.eclipse.m2e.core
2015-12-25 04:27:06,279 [main] INFO  com.senatov.smapperApp.Activator  - Added logging hook for bundle: org.eclipse.wst.xsd.core
2015-12-25 04:27:06,279 [main] INFO  com.senatov.smapperApp.Activator  - Added logging hook for bundle: org.eclipse.emf.ecore.change
2015-12-25 04:27:06,279 [main] INFO  com.senatov.smapperApp.Activator  - Added logging hook for bundle: org.eclipse.equinox.http.jetty
2015-12-25 04:27:06,279 [main] INFO  com.senatov.smapperApp.Activator  - Added logging hook for bundle: org.eclipse.ltk.core.refactoring
2015-12-25 04:27:06,279 [main] INFO  com.senatov.smapperApp.Activator  - Added logging hook for bundle: org.eclipse.wst.xml.core
2015-12-25 04:27:06,279 [main] INFO  com.senatov.smapperApp.Activator  - Added logging hook for bundle: org.eclipse.e4.ui.css.swt
2015-12-25 04:27:06,279 [main] INFO  com.senatov.smapperApp.Activator  - Added logging hook for bundle: org.eclipse.e4.emf.xpath
2015-12-25 04:27:06,279 [main] INFO  com.senatov.smapperApp.Activator  - Added logging hook for bundle: org.eclipse.wst.common.environment
2015-12-25 04:27:06,279 [main] INFO  com.senatov.smapperApp.Activator  - Added logging hook for bundle: javax.activation
2015-12-25 04:27:06,279 [main] INFO  com.senatov.smapperApp.Activator  - Added logging hook for bundle: javax.mail
2015-12-25 04:27:06,279 [main] INFO  com.senatov.smapperApp.Activator  - Added logging hook for bundle: org.eclipse.jem.util
2015-12-25 04:27:06,279 [main] INFO  com.senatov.smapperApp.Activator  - Added logging hook for bundle: javax.annotation
2015-12-25 04:27:06,279 [main] INFO  com.senatov.smapperApp.Activator  - Added logging hook for bundle: org.eclipse.e4.ui.model.workbench
2015-12-25 04:27:06,279 [main] INFO  com.senatov.smapperApp.Activator  - Added logging hook for bundle: org.eclipse.core.runtime
2015-12-25 04:27:06,279 [main] INFO  com.senatov.smapperApp.Activator  - Added logging hook for bundle: org.junit
2015-12-25 04:27:06,279 [main] INFO  com.senatov.smapperApp.Activator  - Added logging hook for bundle: org.eclipse.core.jobs
2015-12-25 04:27:06,279 [main] INFO  com.senatov.smapperApp.Activator  - Added logging hook for bundle: org.eclipse.core.filesystem.win32.x86_64
2015-12-25 04:27:06,279 [main] INFO  com.senatov.smapperApp.Activator  - Added logging hook for bundle: org.eclipse.m2e.core.ui
2015-12-25 04:27:06,279 [main] INFO  com.senatov.smapperApp.Activator  - Added logging hook for bundle: org.eclipse.swt
2015-12-25 04:27:06,279 [main] INFO  com.senatov.smapperApp.Activator  - Added logging hook for bundle: org.eclipse.m2e.logback.appender
2015-12-25 04:27:06,279 [main] INFO  com.senatov.smapperApp.Activator  - Added logging hook for bundle: org.eclipse.ui
2015-12-25 04:27:06,279 [main] INFO  com.senatov.smapperApp.Activator  - Added logging hook for bundle: org.eclipse.e4.ui.css.swt.theme
2015-12-25 04:27:06,279 [main] INFO  com.senatov.smapperApp.Activator  - Added logging hook for bundle: org.eclipse.ui.views
2015-12-25 04:27:06,279 [main] INFO  com.senatov.smapperApp.Activator  - Added logging hook for bundle: org.eclipse.core.resources
2015-12-25 04:27:06,279 [main] INFO  com.senatov.smapperApp.Activator  - Added logging hook for bundle: org.eclipse.core.commands
2015-12-25 04:27:06,279 [main] INFO  com.senatov.smapperApp.Activator  - Added logging hook for bundle: org.eclipse.e4.core.di.extensions
2015-12-25 04:27:06,279 [main] INFO  com.senatov.smapperApp.Activator  - Added logging hook for bundle: org.eclipse.emf.ecore
2015-12-25 04:27:06,279 [main] INFO  com.senatov.smapperApp.Activator  - Added logging hook for bundle: org.eclipse.equinox.security.win32.x86_64
2015-12-25 04:27:06,279 [main] INFO  com.senatov.smapperApp.Activator  - Added logging hook for bundle: org.eclipse.ui.console
2015-12-25 04:27:06,279 [main] INFO  com.senatov.smapperApp.Activator  - Added logging hook for bundle: org.eclipse.equinox.ds
2015-12-25 04:27:06,279 [main] INFO  com.senatov.smapperApp.Activator  - Added logging hook for bundle: org.w3c.dom.svg
2015-12-25 04:27:06,279 [main] INFO  com.senatov.smapperApp.Activator  - Added logging hook for bundle: org.eclipse.e4.core.services
2015-12-25 04:27:06,279 [main] INFO  com.senatov.smapperApp.Activator  - Added logging hook for bundle: org.eclipse.jetty.server
2015-12-25 04:27:06,279 [main] INFO  com.senatov.smapperApp.Activator  - Added logging hook for bundle: smapper.plugin1
2015-12-25 04:27:06,279 [main] INFO  com.senatov.smapperApp.Activator  - Added logging hook for bundle: org.eclipse.jface.databinding
2015-12-25 04:27:06,279 [main] INFO  com.senatov.smapperApp.Activator  - Added logging hook for bundle: javax.inject
2015-12-25 04:27:06,279 [main] INFO  com.senatov.smapperApp.Activator  - Added logging hook for bundle: org.eclipse.equinox.p2.metadata.repository
2015-12-25 04:27:06,279 [main] INFO  com.senatov.smapperApp.Activator  - Added logging hook for bundle: org.eclipse.core.filebuffers
2015-12-25 04:27:06,279 [main] INFO  com.senatov.smapperApp.Activator  - Added logging hook for bundle: org.eclipse.equinox.p2.repository
2015-12-25 04:27:06,279 [main] INFO  com.senatov.smapperApp.Activator  - Added logging hook for bundle: org.eclipse.jetty.io
2015-12-25 04:27:06,294 [main] INFO  com.senatov.smapperApp.Activator  - Added logging hook for bundle: org.eclipse.jface
2015-12-25 04:27:06,294 [main] INFO  com.senatov.smapperApp.Activator  - Added logging hook for bundle: org.eclipse.equinox.security
2015-12-25 04:27:06,294 [main] INFO  com.senatov.smapperApp.Activator  - Added logging hook for bundle: org.eclipse.wst.common.frameworks
2015-12-25 04:27:06,294 [main] INFO  com.senatov.smapperApp.Activator  - Added logging hook for bundle: org.eclipse.e4.ui.workbench
2015-12-25 04:27:06,294 [main] INFO  com.senatov.smapperApp.Activator  - Added logging hook for bundle: org.eclipse.ui.intro
2015-12-25 04:27:06,294 [main] INFO  com.senatov.smapperApp.Activator  - Added logging hook for bundle: org.eclipse.e4.ui.bindings
2015-12-25 04:27:06,294 [main] INFO  com.senatov.smapperApp.Activator  - Added logging hook for bundle: org.eclipse.core.filesystem
2015-12-25 04:27:06,294 [main] INFO  com.senatov.smapperApp.Activator  - Added logging hook for bundle: org.eclipse.ui.forms
2015-12-25 04:27:06,294 [main] INFO  com.senatov.smapperApp.Activator  - Added logging hook for bundle: org.eclipse.equinox.weaving.hook
2015-12-25 04:27:06,294 [main] INFO  com.senatov.smapperApp.Activator  - Added logging hook for bundle: org.apache.lucene.core
2015-12-25 04:27:06,294 [main] INFO  com.senatov.smapperApp.Activator  - Added logging hook for bundle: org.eclipse.e4.ui.di
2015-12-25 04:27:06,294 [main] INFO  com.senatov.smapperApp.Activator  - Added logging hook for bundle: org.eclipse.emf.common
2015-12-25 04:27:06,294 [main] INFO  com.senatov.smapperApp.Activator  - Added logging hook for bundle: org.eclipse.help.base
2015-12-25 04:27:06,294 [main] INFO  com.senatov.smapperApp.Activator  - Added logging hook for bundle: org.eclipse.m2e.maven.runtime
2015-12-25 04:27:06,294 [main] INFO  com.senatov.smapperApp.Activator  - Added logging hook for bundle: org.eclipse.equinox.preferences
2015-12-25 04:27:06,294 [main] INFO  com.senatov.smapperApp.Activator  - Added logging hook for bundle: com.ibm.icu
2015-12-25 04:27:06,294 [main] INFO  com.senatov.smapperApp.Activator  - Added logging hook for bundle: org.eclipse.e4.core.di.annotations
2015-12-25 04:27:06,294 [main] INFO  com.senatov.smapperApp.Activator  - Added logging hook for bundle: org.eclipse.core.databinding.property
2015-12-25 04:27:06,294 [main] INFO  com.senatov.smapperApp.Activator  - Added logging hook for bundle: org.w3c.dom.smil
2015-12-25 04:27:06,294 [main] INFO  com.senatov.smapperApp.Activator  - Added logging hook for bundle: org.eclipse.equinox.region
2015-12-25 04:27:06,294 [main] INFO  com.senatov.smapperApp.Activator  - Added logging hook for bundle: org.eclipse.ui.navigator
2015-12-25 04:27:06,294 [main] INFO  com.senatov.smapperApp.Activator  - Added logging hook for bundle: ch.qos.logback.core
2015-12-25 04:27:06,294 [main] INFO  com.senatov.smapperApp.Activator  - Added logging hook for bundle: org.eclipse.e4.core.commands
2015-12-25 04:27:06,294 [main] INFO  com.senatov.smapperApp.Activator  - Added logging hook for bundle: org.slf4j.api
2015-12-25 04:27:06,294 [main] INFO  com.senatov.smapperApp.Activator  - Added logging hook for bundle: org.eclipse.ui.ide
2015-12-25 04:27:06,294 [main] INFO  com.senatov.smapperApp.Activator  - Added logging hook for bundle: org.eclipse.compare.core
2015-12-25 04:27:06,294 [main] INFO  com.senatov.smapperApp.Activator  - Added logging hook for bundle: org.eclipse.e4.core.contexts
2015-12-25 04:27:06,294 [main] INFO  com.senatov.smapperApp.Activator  - Added logging hook for bundle: org.eclipse.equinox.p2.core
2015-12-25 04:27:06,294 [main] INFO  com.senatov.smapperApp.Activator  - Added logging hook for bundle: org.eclipse.emf.edit
2015-12-25 04:27:06,294 [main] INFO  com.senatov.smapperApp.Activator  - Added logging hook for bundle: org.eclipse.jface.text
2015-12-25 04:27:06,294 [main] INFO  com.senatov.smapperApp.Activator  - Added logging hook for bundle: org.eclipse.wst.sse.core
2015-12-25 04:27:06,294 [main] INFO  com.senatov.smapperApp.Activator  - Added logging hook for bundle: org.eclipse.m2e.maven.indexer
2015-12-25 04:27:06,294 [main] INFO  com.senatov.smapperApp.Activator  - Added logging hook for bundle: org.eclipse.ui.win32
2015-12-25 04:27:06,294 [main] INFO  com.senatov.smapperApp.Activator  - Added logging hook for bundle: org.eclipse.core.databinding
2015-12-25 04:27:06,294 [main] INFO  com.senatov.smapperApp.Activator  - Added logging hook for bundle: org.eclipse.wst.common.core
2015-12-25 04:27:06,294 [main] INFO  com.senatov.smapperApp.Activator  - Added logging hook for bundle: org.eclipse.core.net
2015-12-25 04:27:06,294 [main] INFO  com.senatov.smapperApp.Activator  - Added logging hook for bundle: org.eclipse.e4.ui.workbench3
2015-12-25 04:27:06,294 [main] INFO  com.senatov.smapperApp.Activator  - Added logging hook for bundle: org.eclipse.wst.common.emf
2015-12-25 04:27:06,294 [main] INFO  com.senatov.smapperApp.Activator  - Added logging hook for bundle: org.eclipse.osgi.services
2015-12-25 04:27:06,294 [main] INFO  com.senatov.smapperApp.Activator  - Added logging hook for bundle: ch.qos.logback.classic
2015-12-25 04:27:06,294 [main] INFO  com.senatov.smapperApp.Activator  - Added logging hook for bundle: org.eclipse.e4.core.di
2015-12-25 04:27:06,294 [main] INFO  com.senatov.smapperApp.Activator  - Added logging hook for bundle: org.eclipse.m2e.maven.runtime.slf4j.simple
2015-12-25 04:27:06,294 [main] INFO  com.senatov.smapperApp.Activator  - Added logging hook for bundle: org.eclipse.ui.trace
2015-12-25 04:27:06,294 [main] INFO  com.senatov.smapperApp.Activator  - Added logging hook for bundle: org.eclipse.wst.common.emfworkbench.integration
2015-12-25 04:27:06,294 [main] INFO  com.senatov.smapperApp.Activator  - Added logging hook for bundle: org.eclipse.equinox.event
2015-12-25 04:27:06,294 [main] INFO  com.senatov.smapperApp.Activator  - Added logging hook for bundle: org.eclipse.core.variables
2015-12-25 04:27:06,294 [main] INFO  com.senatov.smapperApp.Activator  - Added logging hook for bundle: org.eclipse.swt.win32.win32.x86_64
2015-12-25 04:27:06,294 [main] INFO  com.senatov.smapperApp.Activator  - Added logging hook for bundle: org.eclipse.equinox.registry
2015-12-25 04:27:06,294 [main] INFO  com.senatov.smapperApp.Activator  - Added logging hook for bundle: org.eclipse.net4j.jms.api
2015-12-25 04:27:06,294 [main] INFO  com.senatov.smapperApp.Activator  - Added logging hook for bundle: org.eclipse.osgi.compatibility.state
2015-12-25 04:27:06,294 [main] INFO  com.senatov.smapperApp.Activator  - Added logging hook for bundle: org.eclipse.e4.ui.css.core
2015-12-25 04:27:06,294 [main] INFO  com.senatov.smapperApp.Activator  - Added logging hook for bundle: org.eclipse.e4.ui.services
2015-12-25 04:27:06,294 [main] INFO  com.senatov.smapperApp.Activator  - Added logging hook for bundle: org.eclipse.core.expressions
2015-12-25 04:27:06,294 [main] INFO  com.senatov.smapperApp.Activator  - Added logging hook for bundle: org.eclipse.jetty.http
2015-12-25 04:27:06,294 [main] INFO  com.senatov.smapperApp.Activator  - Added logging hook for bundle: org.eclipse.emf.ecore.xmi
2015-12-25 04:27:06,294 [main] INFO  com.senatov.smapperApp.Activator  - Added logging hook for bundle: org.eclipse.equinox.transforms.hook
2015-12-25 04:27:06,294 [main] INFO  com.senatov.smapperApp.Activator  - Added logging hook for bundle: org.slf4j.impl.log4j12
2015-12-25 04:27:06,294 [main] INFO  com.senatov.smapperApp.Activator  - Added logging hook for bundle: org.apache.xerces
2015-12-25 04:27:06,294 [main] INFO  com.senatov.smapperApp.Activator  - Added logging hook for bundle: org.eclipse.equinox.app
2015-12-25 04:27:06,294 [main] INFO  com.senatov.smapperApp.Activator  - Added logging hook for bundle: org.eclipse.ant.core
2015-12-25 04:27:06,294 [main] INFO  com.senatov.smapperApp.Activator  - Added logging hook for bundle: org.eclipse.help
2015-12-25 04:27:06,294 [main] INFO  com.senatov.smapperApp.Activator  - Added logging hook for bundle: org.tukaani.xz
2015-12-25 04:27:06,294 [main] INFO  com.senatov.smapperApp.Activator  - Added logging hook for bundle: org.eclipse.e4.ui.workbench.swt
2015-12-25 04:27:06,294 [main] INFO  com.senatov.smapperApp.Activator  - Added logging hook for bundle: org.eclipse.core.net.win32.x86_64
2015-12-25 04:27:06,294 [main] INFO  com.senatov.smapperApp.Activator  - Added logging hook for bundle: org.eclipse.m2e.archetype.common
2015-12-25 04:27:06,294 [main] INFO  com.senatov.smapperApp.Activator  - Added logging hook for bundle: org.eclipse.wst.common.uriresolver
2015-12-25 04:27:06,294 [main] INFO  com.senatov.smapperApp.Activator  - Added logging hook for bundle: org.eclipse.e4.ui.workbench.addons.swt
2015-12-25 04:27:06,294 [main] INFO  com.senatov.smapperApp.Activator  - Added logging hook for bundle: javax.servlet
2015-12-25 04:27:06,294 [main] INFO  com.senatov.smapperApp.Activator  - Added logging hook for bundle: org.apache.xml.serializer
2015-12-25 04:27:06,294 [main] INFO  com.senatov.smapperApp.Activator  - Added logging hook for bundle: org.eclipse.e4.ui.workbench.renderers.swt
2015-12-25 04:27:06,294 [main] INFO  com.senatov.smapperApp.Activator  - Added logging hook for bundle: org.eclipse.equinox.p2.engine
2015-12-25 04:27:06,294 [main] INFO  com.senatov.smapperApp.Activator  - Added logging hook for bundle: org.apache.lucene.analysis
2015-12-25 04:27:06,294 [main] INFO  com.senatov.smapperApp.Activator  - Added logging hook for bundle: org.eclipse.emf.ecore.edit
2015-12-25 04:27:06,294 [main] INFO  com.senatov.smapperApp.Activator  - Added logging hook for bundle: org.eclipse.osgi.compatibility.plugins
2015-12-25 04:27:06,294 [main] INFO  com.senatov.smapperApp.Activator  - Added logging hook for bundle: org.eclipse.equinox.http.servlet
2015-12-25 04:27:06,294 [main] INFO  com.senatov.smapperApp.Activator  - Added logging hook for bundle: org.apache.log4j
2015-12-25 04:27:06,294 [main] INFO  com.senatov.smapperApp.Activator  - Added logging hook for bundle: org.eclipse.equinox.bidi
2015-12-25 04:27:06,294 [main] INFO  com.senatov.smapperApp.Activator  - Added logging hook for bundle: org.eclipse.jetty.servlet
2015-12-25 04:27:06,294 [main] INFO  com.senatov.smapperApp.Activator  - Added logging hook for bundle: org.apache.commons.jxpath
2015-12-25 04:27:06,294 [main] INFO  com.senatov.smapperApp.Activator  - Added logging hook for bundle: org.eclipse.core.resources.win32.x86_64
2015-12-25 04:27:06,294 [main] INFO  com.senatov.smapperApp.Activator  - Added logging hook for bundle: org.eclipse.m2e.model.edit
2015-12-25 04:27:06,294 [main] INFO  com.senatov.smapperApp.Activator  - Added logging hook for bundle: ch.qos.logback.slf4j
2015-12-25 04:27:06,294 [main] INFO  com.senatov.smapperApp.Activator  - Added logging hook for bundle: org.w3c.dom.events
2015-12-25 04:27:06,294 [main] INFO  com.senatov.smapperApp.Activator  - Added logging hook for bundle: org.eclipse.equinox.p2.metadata
2015-12-25 04:27:06,294 [main] INFO  com.senatov.smapperApp.Activator  - Added logging hook for bundle: org.eclipse.wst.validation
2015-12-25 04:27:06,294 [main] INFO  com.senatov.smapperApp.Activator  - Added logging hook for bundle: org.eclipse.ui.workbench
2015-12-25 04:27:06,294 [main] INFO  com.senatov.smapperApp.Activator  - Added logging hook for bundle: org.apache.batik.util.gui
2015-12-25 04:27:06,294 [main] INFO  com.senatov.smapperApp.Activator  - Added logging hook for bundle: org.eclipse.equinox.common
2015-12-25 04:27:06,294 [main] DEBUG com.senatov.smapperApp.Activator  - start()
2015-12-25 04:27:14,774 [Framework stop] DEBUG com.senatov.smapperApp.Activator  - stop()
2015-12-25 13:25:52,887 [main] INFO  com.senatov.smapperApp.Activator  - Resolved URL P:\runtime-smapper.plugin1.smapper
2015-12-25 13:25:52,888 [main] INFO  com.senatov.smapperApp.Activator  - Log4j initialized with bundleentry://4.fwk581318631/META-INF/log4j.properties
2015-12-25 13:25:52,888 [main] INFO  com.senatov.smapperApp.Activator  - hookPluginLoggers()
2015-12-25 13:25:52,893 [main] INFO  com.senatov.smapperApp.Activator  - Added logging hook for bundle: org.eclipse.osgi
2015-12-25 13:25:52,893 [main] INFO  com.senatov.smapperApp.Activator  - Added logging hook for bundle: org.eclipse.osgi.util
2015-12-25 13:25:52,893 [main] INFO  com.senatov.smapperApp.Activator  - Added logging hook for bundle: org.eclipse.equinox.p2.metadata.repository
2015-12-25 13:25:52,893 [main] INFO  com.senatov.smapperApp.Activator  - Added logging hook for bundle: org.eclipse.wst.common.emfworkbench.integration
2015-12-25 13:25:52,893 [main] INFO  com.senatov.smapperApp.Activator  - Added logging hook for bundle: smapper.plugin1
2015-12-25 13:25:52,893 [main] INFO  com.senatov.smapperApp.Activator  - Added logging hook for bundle: org.eclipse.wst.xml.core
2015-12-25 13:25:52,894 [main] INFO  com.senatov.smapperApp.Activator  - Added logging hook for bundle: org.w3c.dom.events
2015-12-25 13:25:52,894 [main] INFO  com.senatov.smapperApp.Activator  - Added logging hook for bundle: org.eclipse.emf.ecore.xmi
2015-12-25 13:25:52,894 [main] INFO  com.senatov.smapperApp.Activator  - Added logging hook for bundle: org.eclipse.wst.common.environment
2015-12-25 13:25:52,894 [main] INFO  com.senatov.smapperApp.Activator  - Added logging hook for bundle: org.eclipse.core.filesystem.win32.x86_64
2015-12-25 13:25:52,894 [main] INFO  com.senatov.smapperApp.Activator  - Added logging hook for bundle: org.eclipse.e4.core.services
2015-12-25 13:25:52,894 [main] INFO  com.senatov.smapperApp.Activator  - Added logging hook for bundle: org.eclipse.ui.ide
2015-12-25 13:25:52,894 [main] INFO  com.senatov.smapperApp.Activator  - Added logging hook for bundle: org.eclipse.core.databinding.property
2015-12-25 13:25:52,894 [main] INFO  com.senatov.smapperApp.Activator  - Added logging hook for bundle: org.eclipse.emf.ecore
2015-12-25 13:25:52,895 [main] INFO  com.senatov.smapperApp.Activator  - Added logging hook for bundle: org.eclipse.jface.text
2015-12-25 13:25:52,895 [main] INFO  com.senatov.smapperApp.Activator  - Added logging hook for bundle: org.eclipse.core.resources.win32.x86_64
2015-12-25 13:25:52,895 [main] INFO  com.senatov.smapperApp.Activator  - Added logging hook for bundle: org.eclipse.ui.workbench
2015-12-25 13:25:52,895 [main] INFO  com.senatov.smapperApp.Activator  - Added logging hook for bundle: org.eclipse.wst.common.project.facet.core
2015-12-25 13:25:52,895 [main] INFO  com.senatov.smapperApp.Activator  - Added logging hook for bundle: org.eclipse.jetty.servlet
2015-12-25 13:25:52,895 [main] INFO  com.senatov.smapperApp.Activator  - Added logging hook for bundle: org.eclipse.core.filesystem.java7
2015-12-25 13:25:52,896 [main] INFO  com.senatov.smapperApp.Activator  - Added logging hook for bundle: org.eclipse.ui.console
2015-12-25 13:25:52,896 [main] INFO  com.senatov.smapperApp.Activator  - Added logging hook for bundle: org.eclipse.core.resources
2015-12-25 13:25:52,896 [main] INFO  com.senatov.smapperApp.Activator  - Added logging hook for bundle: org.w3c.dom.smil
2015-12-25 13:25:52,896 [main] INFO  com.senatov.smapperApp.Activator  - Added logging hook for bundle: org.eclipse.equinox.p2.metadata
2015-12-25 13:25:52,896 [main] INFO  com.senatov.smapperApp.Activator  - Added logging hook for bundle: org.eclipse.m2e.core.ui
2015-12-25 13:25:52,897 [main] INFO  com.senatov.smapperApp.Activator  - Added logging hook for bundle: org.hamcrest.core
2015-12-25 13:25:52,897 [main] INFO  com.senatov.smapperApp.Activator  - Added logging hook for bundle: org.eclipse.e4.core.di.extensions
2015-12-25 13:25:52,897 [main] INFO  com.senatov.smapperApp.Activator  - Added logging hook for bundle: org.eclipse.wst.common.emf
2015-12-25 13:25:52,897 [main] INFO  com.senatov.smapperApp.Activator  - Added logging hook for bundle: org.eclipse.jetty.server
2015-12-25 13:25:52,897 [main] INFO  com.senatov.smapperApp.Activator  - Added logging hook for bundle: org.eclipse.jem.util
2015-12-25 13:25:52,897 [main] INFO  com.senatov.smapperApp.Activator  - Added logging hook for bundle: org.eclipse.equinox.p2.engine
2015-12-25 13:25:52,897 [main] INFO  com.senatov.smapperApp.Activator  - Added logging hook for bundle: org.eclipse.ui.navigator
2015-12-25 13:25:52,898 [main] INFO  com.senatov.smapperApp.Activator  - Added logging hook for bundle: org.eclipse.core.jobs
2015-12-25 13:25:52,898 [main] INFO  com.senatov.smapperApp.Activator  - Added logging hook for bundle: org.eclipse.core.variables
2015-12-25 13:25:52,898 [main] INFO  com.senatov.smapperApp.Activator  - Added logging hook for bundle: org.eclipse.e4.core.commands
2015-12-25 13:25:52,898 [main] INFO  com.senatov.smapperApp.Activator  - Added logging hook for bundle: org.eclipse.equinox.event
2015-12-25 13:25:52,898 [main] INFO  com.senatov.smapperApp.Activator  - Added logging hook for bundle: org.eclipse.equinox.region
2015-12-25 13:25:52,898 [main] INFO  com.senatov.smapperApp.Activator  - Added logging hook for bundle: org.eclipse.e4.ui.workbench.renderers.swt
2015-12-25 13:25:52,898 [main] INFO  com.senatov.smapperApp.Activator  - Added logging hook for bundle: org.eclipse.wst.common.frameworks
2015-12-25 13:25:52,898 [main] INFO  com.senatov.smapperApp.Activator  - Added logging hook for bundle: org.slf4j.api
2015-12-25 13:25:52,898 [main] INFO  com.senatov.smapperApp.Activator  - Added logging hook for bundle: org.w3c.css.sac
2015-12-25 13:25:52,899 [main] INFO  com.senatov.smapperApp.Activator  - Added logging hook for bundle: javax.mail
2015-12-25 13:25:52,899 [main] INFO  com.senatov.smapperApp.Activator  - Added logging hook for bundle: org.tukaani.xz
2015-12-25 13:25:52,899 [main] INFO  com.senatov.smapperApp.Activator  - Added logging hook for bundle: org.eclipse.m2e.maven.indexer
2015-12-25 13:25:52,899 [main] INFO  com.senatov.smapperApp.Activator  - Added logging hook for bundle: org.eclipse.ui.forms
2015-12-25 13:25:52,899 [main] INFO  com.senatov.smapperApp.Activator  - Added logging hook for bundle: org.apache.log4j
2015-12-25 13:25:52,899 [main] INFO  com.senatov.smapperApp.Activator  - Added logging hook for bundle: org.eclipse.e4.core.di.annotations
2015-12-25 13:25:52,899 [main] INFO  com.senatov.smapperApp.Activator  - Added logging hook for bundle: javax.annotation
2015-12-25 13:25:52,899 [main] INFO  com.senatov.smapperApp.Activator  - Added logging hook for bundle: javax.activation
2015-12-25 13:25:52,899 [main] INFO  com.senatov.smapperApp.Activator  - Added logging hook for bundle: org.eclipse.e4.ui.css.swt.theme
2015-12-25 13:25:52,900 [main] INFO  com.senatov.smapperApp.Activator  - Added logging hook for bundle: org.w3c.dom.svg
2015-12-25 13:25:52,900 [main] INFO  com.senatov.smapperApp.Activator  - Added logging hook for bundle: org.eclipse.osgi.services
2015-12-25 13:25:52,900 [main] INFO  com.senatov.smapperApp.Activator  - Added logging hook for bundle: org.eclipse.ui.views
2015-12-25 13:25:52,900 [main] INFO  com.senatov.smapperApp.Activator  - Added logging hook for bundle: org.eclipse.core.net.win32.x86_64
2015-12-25 13:25:52,900 [main] INFO  com.senatov.smapperApp.Activator  - Added logging hook for bundle: org.eclipse.jetty.http
2015-12-25 13:25:52,900 [main] INFO  com.senatov.smapperApp.Activator  - Added logging hook for bundle: org.eclipse.equinox.p2.core
2015-12-25 13:25:52,900 [main] INFO  com.senatov.smapperApp.Activator  - Added logging hook for bundle: org.eclipse.equinox.security
2015-12-25 13:25:52,900 [main] INFO  com.senatov.smapperApp.Activator  - Added logging hook for bundle: javax.inject
2015-12-25 13:25:52,900 [main] INFO  com.senatov.smapperApp.Activator  - Added logging hook for bundle: org.eclipse.emf.common
2015-12-25 13:25:52,900 [main] INFO  com.senatov.smapperApp.Activator  - Added logging hook for bundle: org.eclipse.equinox.registry
2015-12-25 13:25:52,901 [main] INFO  com.senatov.smapperApp.Activator  - Added logging hook for bundle: org.apache.xml.serializer
2015-12-25 13:25:52,901 [main] INFO  com.senatov.smapperApp.Activator  - Added logging hook for bundle: org.eclipse.jface.databinding
2015-12-25 13:25:52,901 [main] INFO  com.senatov.smapperApp.Activator  - Added logging hook for bundle: org.eclipse.osgi.compatibility.plugins
2015-12-25 13:25:52,901 [main] INFO  com.senatov.smapperApp.Activator  - Added logging hook for bundle: org.apache.xerces
2015-12-25 13:25:52,901 [main] INFO  com.senatov.smapperApp.Activator  - Added logging hook for bundle: org.eclipse.net4j.jms.api
2015-12-25 13:25:52,901 [main] INFO  com.senatov.smapperApp.Activator  - Added logging hook for bundle: org.eclipse.m2e.maven.runtime.slf4j.simple
2015-12-25 13:25:52,901 [main] INFO  com.senatov.smapperApp.Activator  - Added logging hook for bundle: org.eclipse.m2e.model.edit
2015-12-25 13:25:52,901 [main] INFO  com.senatov.smapperApp.Activator  - Added logging hook for bundle: org.eclipse.help.base
2015-12-25 13:25:52,901 [main] INFO  com.senatov.smapperApp.Activator  - Added logging hook for bundle: org.eclipse.core.expressions
2015-12-25 13:25:52,901 [main] INFO  com.senatov.smapperApp.Activator  - Added logging hook for bundle: org.eclipse.ui.win32
2015-12-25 13:25:52,901 [main] INFO  com.senatov.smapperApp.Activator  - Added logging hook for bundle: org.eclipse.equinox.util
2015-12-25 13:25:52,902 [main] INFO  com.senatov.smapperApp.Activator  - Added logging hook for bundle: org.eclipse.emf.ecore.change
2015-12-25 13:25:52,902 [main] INFO  com.senatov.smapperApp.Activator  - Added logging hook for bundle: org.eclipse.osgi.compatibility.state
2015-12-25 13:25:52,902 [main] INFO  com.senatov.smapperApp.Activator  - Added logging hook for bundle: org.eclipse.m2e.maven.runtime
2015-12-25 13:25:52,902 [main] INFO  com.senatov.smapperApp.Activator  - Added logging hook for bundle: org.eclipse.wst.sse.core
2015-12-25 13:25:52,902 [main] INFO  com.senatov.smapperApp.Activator  - Added logging hook for bundle: javax.xml
2015-12-25 13:25:52,902 [main] INFO  com.senatov.smapperApp.Activator  - Added logging hook for bundle: org.eclipse.equinox.bidi
2015-12-25 13:25:52,902 [main] INFO  com.senatov.smapperApp.Activator  - Added logging hook for bundle: org.eclipse.ui.intro
2015-12-25 13:25:52,902 [main] INFO  com.senatov.smapperApp.Activator  - Added logging hook for bundle: org.eclipse.e4.ui.di
2015-12-25 13:25:52,902 [main] INFO  com.senatov.smapperApp.Activator  - Added logging hook for bundle: org.eclipse.jetty.io
2015-12-25 13:25:52,902 [main] INFO  com.senatov.smapperApp.Activator  - Added logging hook for bundle: org.eclipse.equinox.weaving.hook
2015-12-25 13:25:52,903 [main] INFO  com.senatov.smapperApp.Activator  - Added logging hook for bundle: org.eclipse.jetty.security
2015-12-25 13:25:52,903 [main] INFO  com.senatov.smapperApp.Activator  - Added logging hook for bundle: org.eclipse.equinox.preferences
2015-12-25 13:25:52,903 [main] INFO  com.senatov.smapperApp.Activator  - Added logging hook for bundle: org.eclipse.core.commands
2015-12-25 13:25:52,903 [main] INFO  com.senatov.smapperApp.Activator  - Added logging hook for bundle: org.eclipse.equinox.http.jetty
2015-12-25 13:25:52,903 [main] INFO  com.senatov.smapperApp.Activator  - Added logging hook for bundle: javax.servlet
2015-12-25 13:25:52,903 [main] INFO  com.senatov.smapperApp.Activator  - Added logging hook for bundle: org.eclipse.e4.ui.model.workbench
2015-12-25 13:25:52,903 [main] INFO  com.senatov.smapperApp.Activator  - Added logging hook for bundle: org.eclipse.wst.common.uriresolver
2015-12-25 13:25:52,903 [main] INFO  com.senatov.smapperApp.Activator  - Added logging hook for bundle: org.eclipse.e4.ui.workbench3
2015-12-25 13:25:52,903 [main] INFO  com.senatov.smapperApp.Activator  - Added logging hook for bundle: org.eclipse.text
2015-12-25 13:25:52,904 [main] INFO  com.senatov.smapperApp.Activator  - Added logging hook for bundle: org.eclipse.help
2015-12-25 13:25:52,904 [main] INFO  com.senatov.smapperApp.Activator  - Added logging hook for bundle: org.eclipse.m2e.logback.appender
2015-12-25 13:25:52,904 [main] INFO  com.senatov.smapperApp.Activator  - Added logging hook for bundle: org.eclipse.e4.ui.bindings
2015-12-25 13:25:52,904 [main] INFO  com.senatov.smapperApp.Activator  - Added logging hook for bundle: org.apache.commons.jxpath
2015-12-25 13:25:52,904 [main] INFO  com.senatov.smapperApp.Activator  - Added logging hook for bundle: org.eclipse.compare.core
2015-12-25 13:25:52,904 [main] INFO  com.senatov.smapperApp.Activator  - Added logging hook for bundle: org.eclipse.swt.win32.win32.x86_64
2015-12-25 13:25:52,904 [main] INFO  com.senatov.smapperApp.Activator  - Added logging hook for bundle: org.eclipse.m2e.core
2015-12-25 13:25:52,904 [main] INFO  com.senatov.smapperApp.Activator  - Added logging hook for bundle: org.eclipse.equinox.transforms.hook
2015-12-25 13:25:52,904 [main] INFO  com.senatov.smapperApp.Activator  - Added logging hook for bundle: ch.qos.logback.classic
2015-12-25 13:25:52,904 [main] INFO  com.senatov.smapperApp.Activator  - Added logging hook for bundle: org.eclipse.core.net
2015-12-25 13:25:52,905 [main] INFO  com.senatov.smapperApp.Activator  - Added logging hook for bundle: org.eclipse.xsd
2015-12-25 13:25:52,905 [main] INFO  com.senatov.smapperApp.Activator  - Added logging hook for bundle: org.eclipse.ui
2015-12-25 13:25:52,905 [main] INFO  com.senatov.smapperApp.Activator  - Added logging hook for bundle: org.eclipse.e4.ui.css.core
2015-12-25 13:25:52,905 [main] INFO  com.senatov.smapperApp.Activator  - Added logging hook for bundle: org.eclipse.jface
2015-12-25 13:25:52,905 [main] INFO  com.senatov.smapperApp.Activator  - Added logging hook for bundle: org.eclipse.e4.ui.widgets
2015-12-25 13:25:52,905 [main] INFO  com.senatov.smapperApp.Activator  - Added logging hook for bundle: org.eclipse.ui.workbench.texteditor
2015-12-25 13:25:52,906 [main] INFO  com.senatov.smapperApp.Activator  - Added logging hook for bundle: org.apache.lucene.core
2015-12-25 13:25:52,906 [main] INFO  com.senatov.smapperApp.Activator  - Added logging hook for bundle: com.ibm.icu
2015-12-25 13:25:52,906 [main] INFO  com.senatov.smapperApp.Activator  - Added logging hook for bundle: org.eclipse.e4.ui.workbench
2015-12-25 13:25:52,906 [main] INFO  com.senatov.smapperApp.Activator  - Added logging hook for bundle: org.eclipse.core.runtime
2015-12-25 13:25:52,906 [main] INFO  com.senatov.smapperApp.Activator  - Added logging hook for bundle: org.eclipse.ui.trace
2015-12-25 13:25:52,906 [main] INFO  com.senatov.smapperApp.Activator  - Added logging hook for bundle: org.eclipse.team.core
2015-12-25 13:25:52,906 [main] INFO  com.senatov.smapperApp.Activator  - Added logging hook for bundle: org.apache.batik.util
2015-12-25 13:25:52,907 [main] INFO  com.senatov.smapperApp.Activator  - Added logging hook for bundle: org.junit
2015-12-25 13:25:52,907 [main] INFO  com.senatov.smapperApp.Activator  - Added logging hook for bundle: org.eclipse.equinox.security.win32.x86_64
2015-12-25 13:25:52,907 [main] INFO  com.senatov.smapperApp.Activator  - Added logging hook for bundle: org.eclipse.swt
2015-12-25 13:25:52,907 [main] INFO  com.senatov.smapperApp.Activator  - Added logging hook for bundle: org.eclipse.emf.edit
2015-12-25 13:25:52,907 [main] INFO  com.senatov.smapperApp.Activator  - Added logging hook for bundle: org.eclipse.core.contenttype
2015-12-25 13:25:52,907 [main] INFO  com.senatov.smapperApp.Activator  - Added logging hook for bundle: org.eclipse.e4.ui.workbench.swt
2015-12-25 13:25:52,907 [main] INFO  com.senatov.smapperApp.Activator  - Added logging hook for bundle: org.eclipse.ltk.core.refactoring
2015-12-25 13:25:52,907 [main] INFO  com.senatov.smapperApp.Activator  - Added logging hook for bundle: org.apache.batik.css
2015-12-25 13:25:52,907 [main] INFO  com.senatov.smapperApp.Activator  - Added logging hook for bundle: ch.qos.logback.core
2015-12-25 13:25:52,907 [main] INFO  com.senatov.smapperApp.Activator  - Added logging hook for bundle: org.eclipse.m2e.workspace.cli
2015-12-25 13:25:52,908 [main] INFO  com.senatov.smapperApp.Activator  - Added logging hook for bundle: org.eclipse.core.databinding
2015-12-25 13:25:52,908 [main] INFO  com.senatov.smapperApp.Activator  - Added logging hook for bundle: org.eclipse.core.databinding.observable
2015-12-25 13:25:52,908 [main] INFO  com.senatov.smapperApp.Activator  - Added logging hook for bundle: org.eclipse.wst.common.core
2015-12-25 13:25:52,908 [main] INFO  com.senatov.smapperApp.Activator  - Added logging hook for bundle: org.eclipse.emf.ecore.edit
2015-12-25 13:25:52,908 [main] INFO  com.senatov.smapperApp.Activator  - Added logging hook for bundle: ch.qos.logback.slf4j
2015-12-25 13:25:52,908 [main] INFO  com.senatov.smapperApp.Activator  - Added logging hook for bundle: org.eclipse.e4.emf.xpath
2015-12-25 13:25:52,908 [main] INFO  com.senatov.smapperApp.Activator  - Added logging hook for bundle: org.eclipse.ant.core
2015-12-25 13:25:52,908 [main] INFO  com.senatov.smapperApp.Activator  - Added logging hook for bundle: org.eclipse.m2e.archetype.common
2015-12-25 13:25:52,908 [main] INFO  com.senatov.smapperApp.Activator  - Added logging hook for bundle: org.eclipse.e4.core.contexts
2015-12-25 13:25:52,908 [main] INFO  com.senatov.smapperApp.Activator  - Added logging hook for bundle: com.google.guava
2015-12-25 13:25:52,908 [main] INFO  com.senatov.smapperApp.Activator  - Added logging hook for bundle: org.eclipse.core.filebuffers
2015-12-25 13:25:52,909 [main] INFO  com.senatov.smapperApp.Activator  - Added logging hook for bundle: org.eclipse.e4.ui.css.swt
2015-12-25 13:25:52,909 [main] INFO  com.senatov.smapperApp.Activator  - Added logging hook for bundle: org.eclipse.equinox.p2.repository
2015-12-25 13:25:52,909 [main] INFO  com.senatov.smapperApp.Activator  - Added logging hook for bundle: org.eclipse.equinox.common
2015-12-25 13:25:52,909 [main] INFO  com.senatov.smapperApp.Activator  - Added logging hook for bundle: org.eclipse.equinox.http.servlet
2015-12-25 13:25:52,909 [main] INFO  com.senatov.smapperApp.Activator  - Added logging hook for bundle: org.eclipse.equinox.ds
2015-12-25 13:25:52,909 [main] INFO  com.senatov.smapperApp.Activator  - Added logging hook for bundle: org.apache.lucene.analysis
2015-12-25 13:25:52,909 [main] INFO  com.senatov.smapperApp.Activator  - Added logging hook for bundle: org.eclipse.wst.xsd.core
2015-12-25 13:25:52,909 [main] INFO  com.senatov.smapperApp.Activator  - Added logging hook for bundle: org.slf4j.impl.log4j12
2015-12-25 13:25:52,909 [main] INFO  com.senatov.smapperApp.Activator  - Added logging hook for bundle: org.eclipse.wst.validation
2015-12-25 13:25:52,910 [main] INFO  com.senatov.smapperApp.Activator  - Added logging hook for bundle: org.eclipse.e4.ui.workbench.addons.swt
2015-12-25 13:25:52,910 [main] INFO  com.senatov.smapperApp.Activator  - Added logging hook for bundle: org.eclipse.equinox.app
2015-12-25 13:25:52,910 [main] INFO  com.senatov.smapperApp.Activator  - Added logging hook for bundle: org.eclipse.e4.ui.services
2015-12-25 13:25:52,910 [main] INFO  com.senatov.smapperApp.Activator  - Added logging hook for bundle: org.eclipse.e4.core.di
2015-12-25 13:25:52,910 [main] INFO  com.senatov.smapperApp.Activator  - Added logging hook for bundle: org.apache.batik.util.gui
2015-12-25 13:25:52,910 [main] INFO  com.senatov.smapperApp.Activator  - Added logging hook for bundle: org.apache.xml.resolver
2015-12-25 13:25:52,910 [main] INFO  com.senatov.smapperApp.Activator  - Added logging hook for bundle: org.eclipse.core.filesystem
2015-12-25 13:25:52,911 [main] INFO  com.senatov.smapperApp.Activator  - Added logging hook for bundle: org.eclipse.jetty.util
2015-12-25 13:25:52,911 [main] DEBUG com.senatov.smapperApp.Activator  - start()
2015-12-25 13:26:00,751 [Framework stop] DEBUG com.senatov.smapperApp.Activator  - stop()
